[tropicals-stellar-site-0d5875.webflow.io/index.html]
[backblue.gif]
[fade.gif]
[index.html]
[uploads-ssl.webflow.com/64e39c4187e5e46d8772e7ba/css/tropicals-stellar-site-0d5875.webflow.fc7f7176b.css]
[ajax.googleapis.com/ajax/libs/webfont/1.6.26/webfont.js]
[uploads-ssl.webflow.com/64e39c4187e5e46d8772e7ba/64ecdf5568b126ab3c7c11ef_logo-icon small.png]
[uploads-ssl.webflow.com/64e39c4187e5e46d8772e7ba/64ecdf5c8978761969dda2e2_logo-icon 256.png]
[uploads-ssl.webflow.com/64e39c4187e5e46d8772e7ba/64e9d0fb15d6f195cb689d49_Logo Icon Final 3.png]
[uploads-ssl.webflow.com/64e39c4187e5e46d8772e7ba/64e9d28c862892bff8657f5d_Logo Icon Final 1.png]
[uploads-ssl.webflow.com/64e39c4187e5e46d8772e7ba/64e9d2ab7af8da9c4531ed33_Logo Icon Final 2.png]
[uploads-ssl.webflow.com/64e39c4187e5e46d8772e7ba/64e9d83f15d6f195cb6f67cc_Frame-1-2 1.png]
[uploads-ssl.webflow.com/64e39c4187e5e46d8772e7ba/64e9d3ab51f06dcb4bdf6595_streetu 1.png]
[uploads-ssl.webflow.com/64e39c4187e5e46d8772e7ba/64e9d408f05b1f29c5ee7307_Frame-1-2 1.png]
[uploads-ssl.webflow.com/64e39c4187e5e46d8772e7ba/64e9d43d400c941a3b7c2e40_vets-now 1.png]
[uploads-ssl.webflow.com/64e39c4187e5e46d8772e7ba/64ecdcef454aef61404a4801_64e9d43d400c941a3b7c2e40_vets-now 1 (1).png]
[uploads-ssl.webflow.com/64e39c4187e5e46d8772e7ba/64e9dbd54c3a30b4060b0912_github-logo-white 1.png]
[uploads-ssl.webflow.com/64e39c4187e5e46d8772e7ba/64e9dad915d6f195cb71c62e_stripe-logo-png-1 1.png]
[uploads-ssl.webflow.com/64e39c4187e5e46d8772e7ba/64e9dacc10713e77f6032fa5_logos-Bitbucket-889x128@2x-white 2.png]
[uploads-ssl.webflow.com/64e39c4187e5e46d8772e7ba/64e9daa5e764544da8845d52_confluence-logo-black-and-white 1.png]
[uploads-ssl.webflow.com/64e39c4187e5e46d8772e7ba/64e9da93691846d290f22702_codebase-2 (1) (1) 1.png]
[uploads-ssl.webflow.com/64e39c4187e5e46d8772e7ba/64e9da857af8da9c4538d841_azure-white 1.png]
[uploads-ssl.webflow.com/64e39c4187e5e46d8772e7ba/64e9dafc2bb40124e1288420_wceu2021-sponsor-10web (1) 1.png]
[uploads-ssl.webflow.com/64e39c4187e5e46d8772e7ba/64eb305fa1e0779103e0d555_Logo Icon Final 4.png]
[uploads-ssl.webflow.com/64e39c4187e5e46d8772e7ba/64eb30729bb6eb2b289a436d_6119d9897e15e38d7e0c8bea_52.svg.png]
[uploads-ssl.webflow.com/64e39c4187e5e46d8772e7ba/64eb329f811b07c6caebe2d3_611a9e387d080fa68df0f888_Group%2048.svg.png]
[uploads-ssl.webflow.com/64e39c4187e5e46d8772e7ba/64ecd5c3ad8ea3a487c65847_impressao-digital.png]
[uploads-ssl.webflow.com/64e39c4187e5e46d8772e7ba/64eb34567769fd870ebbdb73_Screenshot 2023-07-05 190711 1.png]
[uploads-ssl.webflow.com/64e39c4187e5e46d8772e7ba/64eb3462c4994338414a376f_Screenshot 2023-07-05 191514 1.png]
[uploads-ssl.webflow.com/64e39c4187e5e46d8772e7ba/64eb346d7769fd870ebbea05_Screenshot 2023-07-05 191725 1.png]
[uploads-ssl.webflow.com/64e39c4187e5e46d8772e7ba/64eb34778e5ecaab5fb23652_Screenshot 2023-07-05 191908 1.png]
[uploads-ssl.webflow.com/64e39c4187e5e46d8772e7ba/64eb34ec476b7618fe21e130_Logo Icon Final 7.png]
[uploads-ssl.webflow.com/64e39c4187e5e46d8772e7ba/64eb361edbce9b580c383740_615891285c041081e934ae15_google-2015%201.svg.png]
[uploads-ssl.webflow.com/64e39c4187e5e46d8772e7ba/64eb362d57140c36d56d0ed7_5f66affae8ee516bf496883a_Group%204.svg.png]
[uploads-ssl.webflow.com/64e39c4187e5e46d8772e7ba/64eb36aa57140c36d56d6f5d_5f66affae8ee51ab6296883d_Group%207.svg.png]
[uploads-ssl.webflow.com/64e39c4187e5e46d8772e7ba/64eb36484443d947590023b0_5f66affae8ee51081496883e_verizon_new.svg.png]
[uploads-ssl.webflow.com/64e39c4187e5e46d8772e7ba/64eb3656476b7618fe22d3f5_5f66affae8ee51f97596883c_Asset%202.svg.png]
[uploads-ssl.webflow.com/64e39c4187e5e46d8772e7ba/64eb53189bb6eb2b28b4650a_611abc817f5b796fe72d04e4_Group%2028.svg.png]
[uploads-ssl.webflow.com/64e39c4187e5e46d8772e7ba/64ecd6582b00e284dfd37b6a_sinal-de-seta-para-baixo-para-navegar.png]
[uploads-ssl.webflow.com/64e39c4187e5e46d8772e7ba/64eb6a40d04155015b7f1ade_Tropical tech logo completo final sem bg_grande 1.png]
[d3e54v103j8qbb.cloudfront.net/js/jquery-3.5.1.min.dc5e7f18c85688.js]
[tropicals-stellar-site-0d5875.webflow.io/index.html]
[uploads-ssl.webflow.com/64e39c4187e5e46d8772e7ba/css/tropicals-stellar-site-0d5875.webflow.fc7f7176b.css]
[uploads-ssl.webflow.com/64e39c4187e5e46d8772e7ba/js/webflow.2e073c9b0.js]
